Using pre-set license
Built from '2020.3/staging' branch; Version is '2020.3.19f1 (68f137dc9bbe) revision 6877495'; Using compiler version '192528614'; Build Type 'Release'
OS: 'Windows 10 Pro; OS build 19044.1645; Version 2009; 64bit' Language: 'en' Physical Memory: 24328 MB
BatchMode: 1, IsHumanControllingUs: 0, StartBugReporterOnCrash: 0, Is64bit: 1, IsPro: 0

COMMAND LINE ARGUMENTS:
C:\Program Files\Unity\Hub\Editor\2020.3.19f1\Editor\Unity.exe
-adb2
-batchMode
-noUpm
-name
AssetImportWorker4
-projectPath
D:/Bharath_Augver/MyPersonalProjects/First_Person
-logFile
Logs/AssetImportWorker4.log
-srvPort
63897
Successfully changed project path to: D:/Bharath_Augver/MyPersonalProjects/First_Person
D:/Bharath_Augver/MyPersonalProjects/First_Person
Using Asset Import Pipeline V2.
